\BOOKMARK [0][-]{chapter.1}{\376\377\004\037\004\076\004\064\004\063\004\076\004\102\004\076\004\062\004\072\004\060\000\040\004\072\000\040\004\103\004\101\004\102\004\060\004\075\004\076\004\062\004\072\004\065}{}
\BOOKMARK [1][-]{section.1.1}{\376\377\004\041\004\102\004\100\004\103\004\072\004\102\004\103\004\100\004\060\000\040\004\076\004\061\004\073\004\060\004\072\004\060}{chapter.1}
\BOOKMARK [1][-]{section.1.2}{\376\377\004\037\004\076\004\064\004\063\004\076\004\102\004\076\004\062\004\072\004\060\000\040\004\103\004\067\004\073\004\076\004\062}{chapter.1}
\BOOKMARK [0][-]{chapter.2}{\376\377\000C\000E\000P\000H}{}
\BOOKMARK [0][-]{chapter.3}{\376\377\000K\000e\000y\000s\000t\000o\000n\000e}{}
\BOOKMARK [1][-]{section.3.1}{\376\377\004\043\004\101\004\102\004\060\004\075\004\076\004\062\004\072\004\060}{chapter.3}
\BOOKMARK [1][-]{section.3.2}{\376\377\004\030\004\101\004\077\004\076\004\073\004\114\004\067\004\076\004\062\004\060\004\075\004\070\004\065}{chapter.3}
\BOOKMARK [0][-]{chapter.4}{\376\377\000G\000l\000a\000n\000c\000e}{}
\BOOKMARK [1][-]{section.4.1}{\376\377\004\043\004\101\004\102\004\060\004\075\004\076\004\062\004\072\004\060}{chapter.4}
\BOOKMARK [1][-]{section.4.2}{\376\377\004\032\004\076\004\074\004\060\004\075\004\064\004\113\000\040\000G\000l\000a\000n\000c\000e}{chapter.4}
\BOOKMARK [0][-]{chapter.5}{\376\377\000N\000o\000v\000a}{}
\BOOKMARK [1][-]{section.5.1}{\376\377\004\043\004\101\004\102\004\060\004\075\004\076\004\062\004\072\004\060}{chapter.5}
\BOOKMARK [0][-]{chapter.6}{\376\377\000C\000i\000n\000d\000e\000r}{}
\BOOKMARK [1][-]{section.6.1}{\376\377\004\043\004\101\004\102\004\060\004\075\004\076\004\062\004\072\004\060}{chapter.6}
\BOOKMARK [0][-]{chapter.7}{\376\377\000D\000a\000s\000h\000b\000o\000a\000r\000d}{}
\BOOKMARK [1][-]{section.7.1}{\376\377\004\043\004\101\004\102\004\060\004\075\004\076\004\062\004\072\004\060}{chapter.7}
\BOOKMARK [0][-]{chapter.8}{\376\377\000Q\000u\000a\000n\000t\000u\000m}{}
\BOOKMARK [1][-]{section.8.1}{\376\377\004\043\004\101\004\102\004\060\004\075\004\076\004\062\004\072\004\060}{chapter.8}
\BOOKMARK [0][-]{chapter.9}{\376\377\000S\000w\000i\000f\000t}{}
\BOOKMARK [1][-]{section.9.1}{\376\377\004\043\004\101\004\102\004\060\004\075\004\076\004\062\004\072\004\060}{chapter.9}
